<?xml version="1.0" encoding="UTF-8"?>
<robot generator="Robot 7.1 (Python 3.12.7 on darwin)" generated="2024-10-17T20:28:55.255849" rpa="false" schemaversion="5">
<suite id="s1" name="Tc-01" source="/Users/chanon.s/Documents/GitHub/appium-automation/testcases/tc-01.robot">
<test id="s1-t1" name="TC01" line="7">
<kw name="Open application with platform" owner="common" type="SETUP">
<kw name="Run Keyword If" owner="BuiltIn">
<kw name="Open ios application" owner="common">
<kw name="Create Dictionary" owner="BuiltIn">
<msg time="2024-10-17T20:28:55.439982" level="INFO">${capability} = {'automation': 'XCUITest', 'platformName': 'ios', 'platformVersion': '18.0', 'bundleId': 'com.saucelabs.mydemoapp.rn', 'deviceName': 'iPhone 16 Pro'}</msg>
<var>${capability}</var>
<arg>automation=${ios.automationName}</arg>
<arg>platformName=${ios.platformName}</arg>
<arg>platformVersion=${ios.platformVersion}</arg>
<arg>bundleId=${ios.bundleId}</arg>
<arg>deviceName=${ios.deviceName}</arg>
<doc>Creates and returns a dictionary based on the given ``items``.</doc>
<status status="PASS" start="2024-10-17T20:28:55.439108" elapsed="0.000992"/>
</kw>
<kw name="Open Application" owner="AppiumLibrary">
<arg>${remote_url}</arg>
<arg>&amp;{capability}</arg>
<doc>Opens a new application to given Appium server.
Capabilities of appium server, Android and iOS,
Please check https://appium.io/docs/en/2.1/cli/args/
| *Option*            | *Man.* | *Description*     |
| remote_url          | Yes    | Appium server url |
| alias               | no     | alias             |
| strict_ssl          | No     | allows you to send commands to an invalid certificate host like a self-signed one. |</doc>
<status status="PASS" start="2024-10-17T20:28:55.440391" elapsed="38.508137"/>
</kw>
<status status="PASS" start="2024-10-17T20:28:55.438897" elapsed="38.510918"/>
</kw>
<arg>'${platform}'=='android'</arg>
<arg>Open android application</arg>
<arg>ELSE</arg>
<arg>Open ios application</arg>
<doc>Runs the given keyword with the given arguments, if ``condition`` is true.</doc>
<status status="PASS" start="2024-10-17T20:28:55.438681" elapsed="38.511282"/>
</kw>
<status status="PASS" start="2024-10-17T20:28:55.438464" elapsed="38.511604"/>
</kw>
<kw name="Scroll to product and tap the product" owner="home_feature">
<kw name="Scroll down to element" owner="common">
<kw name="Set Variable" owner="BuiltIn">
<msg time="2024-10-17T20:29:33.951736" level="INFO">${is_visible} = False</msg>
<var>${is_visible}</var>
<arg>False</arg>
<doc>Returns the given values which can then be assigned to a variables.</doc>
<status status="PASS" start="2024-10-17T20:29:33.951636" elapsed="0.000171"/>
</kw>
<for flavor="IN RANGE">
<iter>
<kw name="Run Keyword And Return Status" owner="BuiltIn">
<kw name="Wait Until Element Is Visible" owner="AppiumLibrary">
<msg time="2024-10-17T20:29:36.344681" level="INFO">xpath criteria: //XCUIElementTypeOther[@name="Sauce Labs Onesie"]
xpath criteria: //XCUIElementTypeOther[@name="Sauce Labs Onesie"]</msg>
<arg>${locator}</arg>
<arg>${time.delay_time}</arg>
<doc>Waits until element specified with `locator` is visible.</doc>
<status status="PASS" start="2024-10-17T20:29:33.954678" elapsed="2.390192"/>
</kw>
<msg time="2024-10-17T20:29:36.345184" level="INFO">${is_visible} = True</msg>
<var>${is_visible}</var>
<arg>AppiumLibrary.Wait until element is visible</arg>
<arg>${locator}</arg>
<arg>${time.delay_time}</arg>
<doc>Runs the given keyword with given arguments and returns the status as a Boolean value.</doc>
<status status="PASS" start="2024-10-17T20:29:33.954574" elapsed="2.390677"/>
</kw>
<kw name="Exit For Loop If" owner="BuiltIn">
<msg time="2024-10-17T20:29:36.346817" level="INFO">Exiting for loop altogether.</msg>
<arg>${is_visible} == True</arg>
<doc>Stops executing the enclosing FOR loop if the ``condition`` is true.</doc>
<status status="PASS" start="2024-10-17T20:29:36.345665" elapsed="0.001302"/>
</kw>
<kw name="Swipe" owner="AppiumLibrary">
<arg>${scroll.x_axis_start}</arg>
<arg>${scroll.y_axis_start}</arg>
<arg>${scroll.x_axis_end}</arg>
<arg>${scroll.y_axis_end}</arg>
<arg>${waiting_time_swipe}</arg>
<doc>Swipe from one point to another point, for an optional duration.</doc>
<status status="NOT RUN" start="2024-10-17T20:29:36.347150" elapsed="0.000038"/>
</kw>
<var name="${index}">1</var>
<status status="PASS" start="2024-10-17T20:29:33.954497" elapsed="2.392758"/>
</iter>
<var>${index}</var>
<value>1</value>
<value>6</value>
<status status="PASS" start="2024-10-17T20:29:33.951875" elapsed="2.395461"/>
</for>
<arg>${home_locator.product}</arg>
<status status="PASS" start="2024-10-17T20:29:33.951195" elapsed="2.396260"/>
</kw>
<kw name="Tap product" owner="home_page">
<kw name="Tap element when ready" owner="common">
<kw name="Wait Until Element Is Visible" owner="AppiumLibrary">
<msg time="2024-10-17T20:29:37.024335" level="INFO">xpath criteria: //XCUIElementTypeOther[@name="Sauce Labs Onesie"]</msg>
<arg>${locator}</arg>
<arg>${delay_time}</arg>
<doc>Waits until element specified with `locator` is visible.</doc>
<status status="PASS" start="2024-10-17T20:29:36.349376" elapsed="0.675072"/>
</kw>
<kw name="Click Element" owner="AppiumLibrary">
<msg time="2024-10-17T20:29:37.026242" level="INFO">Clicking element 'xpath=//XCUIElementTypeOther[@name="Sauce Labs Onesie"]'.</msg>
<msg time="2024-10-17T20:29:38.156941" level="INFO">xpath criteria: //XCUIElementTypeOther[@name="Sauce Labs Onesie"]</msg>
<arg>${locator}</arg>
<doc>Click element identified by `locator`.</doc>
<status status="PASS" start="2024-10-17T20:29:37.024717" elapsed="1.132408"/>
</kw>
<arg>${home_locator.product}</arg>
<arg>${time.delay_time}</arg>
<status status="PASS" start="2024-10-17T20:29:36.347996" elapsed="1.809375"/>
</kw>
<status status="PASS" start="2024-10-17T20:29:36.347660" elapsed="1.809881"/>
</kw>
<status status="PASS" start="2024-10-17T20:29:33.950856" elapsed="4.206820"/>
</kw>
<kw name="Tap add to cart button" owner="product_page">
<kw name="Tap element when ready" owner="common">
<kw name="Wait Until Element Is Visible" owner="AppiumLibrary">
<msg time="2024-10-17T20:29:38.655454" level="INFO">xpath criteria: //XCUIElementTypeOther[@name="Add To Cart button"]</msg>
<arg>${locator}</arg>
<arg>${delay_time}</arg>
<doc>Waits until element specified with `locator` is visible.</doc>
<status status="PASS" start="2024-10-17T20:29:38.159884" elapsed="0.495756"/>
</kw>
<kw name="Click Element" owner="AppiumLibrary">
<msg time="2024-10-17T20:29:38.658459" level="INFO">Clicking element 'xpath=//XCUIElementTypeOther[@name="Add To Cart button"]'.</msg>
<msg time="2024-10-17T20:29:39.546964" level="INFO">xpath criteria: //XCUIElementTypeOther[@name="Add To Cart button"]</msg>
<arg>${locator}</arg>
<doc>Click element identified by `locator`.</doc>
<status status="PASS" start="2024-10-17T20:29:38.656048" elapsed="0.891107"/>
</kw>
<arg>${product_locator.add_to_cart_btn}</arg>
<arg>${time.delay_time}</arg>
<status status="PASS" start="2024-10-17T20:29:38.158875" elapsed="1.388561"/>
</kw>
<status status="PASS" start="2024-10-17T20:29:38.158215" elapsed="1.389399"/>
</kw>
<kw name="Open cart and check items" owner="cart_feature">
<kw name="Tap to open cart" owner="cart_page">
<kw name="Tap element when ready" owner="common">
<kw name="Wait Until Element Is Visible" owner="AppiumLibrary">
<msg time="2024-10-17T20:29:40.008353" level="INFO">xpath criteria: //XCUIElementTypeButton[@name="tab bar option cart"]</msg>
<arg>${locator}</arg>
<arg>${delay_time}</arg>
<doc>Waits until element specified with `locator` is visible.</doc>
<status status="PASS" start="2024-10-17T20:29:39.550456" elapsed="0.457956"/>
</kw>
<kw name="Click Element" owner="AppiumLibrary">
<msg time="2024-10-17T20:29:40.009029" level="INFO">Clicking element 'xpath=//XCUIElementTypeButton[@name="tab bar option cart"]'.</msg>
<msg time="2024-10-17T20:29:40.773578" level="INFO">xpath criteria: //XCUIElementTypeButton[@name="tab bar option cart"]</msg>
<arg>${locator}</arg>
<doc>Click element identified by `locator`.</doc>
<status status="PASS" start="2024-10-17T20:29:40.008521" elapsed="0.765247"/>
</kw>
<arg>${cart_locator.cart_btn}</arg>
<arg>${time.delay_time}</arg>
<status status="PASS" start="2024-10-17T20:29:39.549432" elapsed="1.224559"/>
</kw>
<status status="PASS" start="2024-10-17T20:29:39.548974" elapsed="1.225482"/>
</kw>
<kw name="Check items in cart" owner="cart_page">
<kw name="Get text when ready" owner="common">
<kw name="Wait Until Element Is Visible" owner="AppiumLibrary">
<msg time="2024-10-17T20:29:41.264770" level="INFO">xpath criteria: //XCUIElementTypeStaticText[@name="1"]</msg>
<arg>${locator}</arg>
<arg>${time.delay_time}</arg>
<doc>Waits until element specified with `locator` is visible.</doc>
<status status="PASS" start="2024-10-17T20:29:40.776257" elapsed="0.488698"/>
</kw>
<kw name="Get Text" owner="AppiumLibrary">
<msg time="2024-10-17T20:29:41.767387" level="INFO">Element 'xpath=//XCUIElementTypeStaticText[@name="1"]' text is '1' </msg>
<msg time="2024-10-17T20:29:41.767512" level="INFO">xpath criteria: //XCUIElementTypeStaticText[@name="1"]</msg>
<msg time="2024-10-17T20:29:41.767614" level="INFO">${text} = 1</msg>
<var>${text}</var>
<arg>${locator}</arg>
<doc>Get element text (for hybrid and mobile browser use `xpath` locator, others might cause problem)</doc>
<status status="PASS" start="2024-10-17T20:29:41.265363" elapsed="0.502285"/>
</kw>
<return>
<value>${text}</value>
<status status="PASS" start="2024-10-17T20:29:41.767801" elapsed="0.000092"/>
</return>
<msg time="2024-10-17T20:29:41.768091" level="INFO">${item_count} = 1</msg>
<var>${item_count}</var>
<arg>${cart_locator.display_items_count}</arg>
<status status="PASS" start="2024-10-17T20:29:40.775644" elapsed="0.992479"/>
</kw>
<kw name="Log To Console" owner="BuiltIn">
<arg>Current item count is: ${item_count}</arg>
<doc>Logs the given message to the console.</doc>
<status status="PASS" start="2024-10-17T20:29:41.768342" elapsed="0.000331"/>
</kw>
<kw name="Should Be Equal As Numbers" owner="BuiltIn">
<msg time="2024-10-17T20:29:41.769544" level="INFO">Argument types are:
&lt;class 'str'&gt;
&lt;class 'int'&gt;</msg>
<arg>${item_count}</arg>
<arg>${product.num_of_product}</arg>
<doc>Fails if objects are unequal after converting them to real numbers.</doc>
<status status="PASS" start="2024-10-17T20:29:41.768867" elapsed="0.000761"/>
</kw>
<status status="PASS" start="2024-10-17T20:29:40.774927" elapsed="0.994792"/>
</kw>
<status status="PASS" start="2024-10-17T20:29:39.548155" elapsed="2.221634"/>
</kw>
<kw name="Close Application" owner="AppiumLibrary" type="TEARDOWN">
<doc>Closes the current application and also close webdriver session.</doc>
<status status="PASS" start="2024-10-17T20:29:41.770103" elapsed="1.101311"/>
</kw>
<status status="PASS" start="2024-10-17T20:28:55.438139" elapsed="47.433708"/>
</test>
<status status="PASS" start="2024-10-17T20:28:55.256565" elapsed="47.617167"/>
</suite>
<statistics>
<total>
<stat pass="1" fail="0" skip="0">All Tests</stat>
</total>
<tag>
</tag>
<suite>
<stat pass="1" fail="0" skip="0" id="s1" name="Tc-01">Tc-01</stat>
</suite>
</statistics>
<errors>
<msg time="2024-10-17T20:28:55.434022" level="WARN">Error in file '/Users/chanon.s/Documents/GitHub/appium-automation/keywords/commons/common.robot' on line 32: The '[Return]' setting is deprecated. Use the 'RETURN' statement instead.</msg>
</errors>
</robot>
